C:\LABS\MP2-LAB2-MATRIX\SLN\VC10\DEBUG\SAMPLE_MATRIX.OBJ
C:\LABS\MP2-LAB2-MATRIX\SLN\VC10\DEBUG\VC110.PDB
C:\LABS\MP2-LAB2-MATRIX\SLN\VC10\DEBUG\GTEST-ALL.OBJ
C:\LABS\MP2-LAB2-MATRIX\SLN\VC10\DEBUG\TEST_MAIN.OBJ
C:\LABS\MP2-LAB2-MATRIX\SLN\VC10\DEBUG\TEST_TMATRIX.OBJ
C:\LABS\MP2-LAB2-MATRIX\SLN\VC10\DEBUG\TEST_TVECTOR.OBJ
C:\LABS\MP2-LAB2-MATRIX\SLN\VC10\DEBUG\GTEST.LIB
C:\LABS\MP2-LAB2-MATRIX\SLN\VC10\DEBUG\TEST_UTMATRIX.ILK
C:\LABS\MP2-LAB2-MATRIX\SLN\VC10\DEBUG\TEST_UTMATRIX.EXE
C:\LABS\MP2-LAB2-MATRIX\SLN\VC10\DEBUG\TEST_UTMATRIX.PDB
C:\LABS\MP2-LAB2-MATRIX\SLN\VC10\DEBUG\SAMPLE_UTMATRIX.ILK
C:\LABS\MP2-LAB2-MATRIX\SLN\VC10\DEBUG\SAMPLE_UTMATRIX.EXE
C:\LABS\MP2-LAB2-MATRIX\SLN\VC10\DEBUG\SAMPLE_UTMATRIX.PDB
C:\Labs\mp2-lab2-matrix\sln\vc10\Debug\gtest-all.obj
C:\Labs\mp2-lab2-matrix\sln\vc10\Debug\sample_matrix.obj
C:\Labs\mp2-lab2-matrix\sln\vc10\Debug\test_main.obj
C:\Labs\mp2-lab2-matrix\sln\vc10\Debug\test_tmatrix.obj
C:\Labs\mp2-lab2-matrix\sln\vc10\Debug\test_tvector.obj
C:\Labs\mp2-lab2-matrix\sln\vc10\Debug\sample_utmatrix.ilk
C:\Labs\mp2-lab2-matrix\sln\vc10\Debug\test_utmatrix.ilk
C:\Labs\mp2-lab2-matrix\sln\vc10\Debug\cl.command.1.tlog
C:\Labs\mp2-lab2-matrix\sln\vc10\Debug\CL.read.1.tlog
C:\Labs\mp2-lab2-matrix\sln\vc10\Debug\CL.write.1.tlog
C:\Labs\mp2-lab2-matrix\sln\vc10\Debug\Lib-link.read.1.tlog
C:\Labs\mp2-lab2-matrix\sln\vc10\Debug\Lib-link.write.1.tlog
C:\Labs\mp2-lab2-matrix\sln\vc10\Debug\lib.command.1.tlog
C:\Labs\mp2-lab2-matrix\sln\vc10\Debug\link-cvtres.read.1.tlog
C:\Labs\mp2-lab2-matrix\sln\vc10\Debug\link-cvtres.write.1.tlog
C:\Labs\mp2-lab2-matrix\sln\vc10\Debug\link-rc.read.1.tlog
C:\Labs\mp2-lab2-matrix\sln\vc10\Debug\link-rc.write.1.tlog
C:\Labs\mp2-lab2-matrix\sln\vc10\Debug\link.command.1.tlog
C:\Labs\mp2-lab2-matrix\sln\vc10\Debug\link.read.1.tlog
C:\Labs\mp2-lab2-matrix\sln\vc10\Debug\link.write.1.tlog
C:\Labs\mp2-lab2-matrix\sln\vc10\Debug\vc110.idb
C:\Labs\mp2-lab2-matrix\sln\vc10\Debug\sample_utmatrix.pdb
C:\Labs\mp2-lab2-matrix\sln\vc10\Debug\test_utmatrix.pdb
C:\Labs\mp2-lab2-matrix\sln\vc10\Debug\vc110.pdb
C:\Labs\mp2-lab2-matrix\sln\vc10\Debug\sample_utmatrix.exe
